#-----------------------------------------------------------
# Vivado v2020.1 (64-bit)
# SW Build 2902540 on Wed May 27 19:54:49 MDT 2020
# IP Build 2902112 on Wed May 27 22:43:36 MDT 2020
# Start of session at: Sun Sep  5 11:31:37 2021
# Process ID: 24400
# Current directory: G:/Vivado/Assignment2
# Command line: vivado.exe -gui_launcher_event rodinguilauncherevent20928 G:\Vivado\Assignment2\Assignment2.xpr
# Log file: G:/Vivado/Assignment2/vivado.log
# Journal file: G:/Vivado/Assignment2\vivado.jou
#-----------------------------------------------------------
start_gui
open_project G:/Vivado/Assignment2/Assignment2.xpr
Scanning sources...
Finished scanning sources
INFO: [IP_Flow 19-234] Refreshing IP repositories
INFO: [IP_Flow 19-1704] No user IP repositories specified
INFO: [IP_Flow 19-2313] Loaded Vivado IP repository 'C:/Xilinx/Vivado/2020.1/data/ip'.
open_project: Time (s): cpu = 00:00:15 ; elapsed = 00:00:08 . Memory (MB): peak = 1012.961 ; gain = 0.000
update_compile_order -fileset sources_1
exit
INFO: [Common 17-206] Exiting Vivado at Sun Sep  5 11:34:21 2021...
