#-----------------------------------------------------------
# Vivado v2020.1 (64-bit)
# SW Build 2902540 on Wed May 27 19:54:49 MDT 2020
# IP Build 2902112 on Wed May 27 22:43:36 MDT 2020
# Start of session at: Tue Sep  7 21:29:42 2021
# Process ID: 9760
# Current directory: G:/Vivado/Assignment2
# Command line: vivado.exe -gui_launcher_event rodinguilauncherevent2688 G:\Vivado\Assignment2\Assignment2.xpr
# Log file: G:/Vivado/Assignment2/vivado.log
# Journal file: G:/Vivado/Assignment2\vivado.jou
#-----------------------------------------------------------
start_gui
open_project G:/Vivado/Assignment2/Assignment2.xpr
Scanning sources...
Finished scanning sources
INFO: [IP_Flow 19-234] Refreshing IP repositories
INFO: [IP_Flow 19-1704] No user IP repositories specified
INFO: [IP_Flow 19-2313] Loaded Vivado IP repository 'C:/Xilinx/Vivado/2020.1/data/ip'.
open_project: Time (s): cpu = 00:00:11 ; elapsed = 00:00:07 . Memory (MB): peak = 1012.176 ; gain = 0.000
update_compile_order -fileset sources_1
launch_simulation
Command: launch_simulation 
INFO: [Vivado 12-5682] Launching behavioral simulation in 'G:/Vivado/Assignment2/Assignment2.sim/sim_1/behav/xsim'
INFO: [SIM-utils-51] Simulation object is 'sim_1'
INFO: [SIM-utils-54] Inspecting design source files for 'Task_2_tb' in fileset 'sim_1'...
INFO: [USF-XSim-97] Finding global include files...
INFO: [USF-XSim-98] Fetching design files from 'sim_1'...
INFO: [USF-XSim-2] XSim::Compile design
INFO: [USF-XSim-61] Executing 'COMPILE and ANALYZE' step in 'G:/Vivado/Assignment2/Assignment2.sim/sim_1/behav/xsim'
"xvhdl --incr --relax -prj Task_2_tb_vhdl.prj"
INFO: [VRFC 10-163] Analyzing VHDL file "G:/Vivado/Assignment2/Assignment2.srcs/sim_1/new/NOR_tb.vhd" into library xil_defaultlib
INFO: [VRFC 10-3107] analyzing entity 'Task_2_tb'
INFO: [USF-XSim-69] 'compile' step finished in '2' seconds
INFO: [USF-XSim-3] XSim::Elaborate design
INFO: [USF-XSim-61] Executing 'ELABORATE' step in 'G:/Vivado/Assignment2/Assignment2.sim/sim_1/behav/xsim'
"xelab -wto 41c0910235494652b98a122b5c799acd --incr --debug typical --relax --mt 2 -L xil_defaultlib -L secureip --snapshot Task_2_tb_behav xil_defaultlib.Task_2_tb -log elaborate.log"
Vivado Simulator 2020.1
Copyright 1986-1999, 2001-2020 Xilinx, Inc. All Rights Reserved.
Running: C:/Xilinx/Vivado/2020.1/bin/unwrapped/win64.o/xelab.exe -wto 41c0910235494652b98a122b5c799acd --incr --debug typical --relax --mt 2 -L xil_defaultlib -L secureip --snapshot Task_2_tb_behav xil_defaultlib.Task_2_tb -log elaborate.log 
Using 2 slave threads.
Starting static elaboration
Completed static elaboration
Starting simulation data flow analysis
Completed simulation data flow analysis
Time Resolution for simulation is 1ps
Compiling package std.standard
Compiling package std.textio
Compiling package ieee.std_logic_1164
Compiling package ieee.numeric_std
Compiling architecture behavior of entity xil_defaultlib.Task_2 [task_2_default]
Compiling architecture bench of entity xil_defaultlib.task_2_tb
Built simulation snapshot Task_2_tb_behav
INFO: [USF-XSim-69] 'elaborate' step finished in '5' seconds
INFO: [USF-XSim-4] XSim::Simulate design
INFO: [USF-XSim-61] Executing 'SIMULATE' step in 'G:/Vivado/Assignment2/Assignment2.sim/sim_1/behav/xsim'
INFO: [USF-XSim-98] *** Running xsim
   with args "Task_2_tb_behav -key {Behavioral:sim_1:Functional:Task_2_tb} -tclbatch {Task_2_tb.tcl} -log {simulate.log}"
INFO: [USF-XSim-8] Loading simulator feature
Vivado Simulator 2020.1
Time resolution is 1 ps
source Task_2_tb.tcl
# set curr_wave [current_wave_config]
# if { [string length $curr_wave] == 0 } {
#   if { [llength [get_objects]] > 0} {
#     add_wave /
#     set_property needs_save false [current_wave_config]
#   } else {
#      send_msg_id Add_Wave-1 WARNING "No top level signals found. Simulator will start without a wave window. If you want to open a wave window go to 'File->New Waveform Configuration' or type 'create_wave_config' in the TCL console."
#   }
# }
# run 1000ns
INFO: [USF-XSim-96] XSim completed. Design snapshot 'Task_2_tb_behav' loaded.
INFO: [USF-XSim-97] XSim simulation ran for 1000ns
launch_simulation: Time (s): cpu = 00:00:07 ; elapsed = 00:00:11 . Memory (MB): peak = 1012.176 ; gain = 0.000
close_sim
INFO: [Simtcl 6-16] Simulation closed
exit
INFO: [Common 17-206] Exiting Vivado at Tue Sep  7 22:31:08 2021...
